Copyright 1986-2020 Xilinx, Inc. All Rights Reserved.
--------------------------------------------------------------------------------------
| Tool Version : Vivado v.2020.1.1 (win64) Build 2960000 Wed Aug  5 22:57:20 MDT 2020
| Date         : Wed Nov 18 22:48:00 2020
| Host         : CASAV running 64-bit major release  (build 9200)
| Command      : report_clock_utilization -file fpga2_clock_utilization_routed.rpt
| Design       : fpga2
| Device       : 7a200t-sbg484
| Speed File   : -1  PRODUCTION 1.23 2018-06-13
| Design State : Routed
--------------------------------------------------------------------------------------

Clock Utilization Report

Table of Contents
-----------------
1. Clock Primitive Utilization
2. Global Clock Resources
3. Global Clock Source Details
4. Clock Regions: Key Resource Utilization
5. Clock Regions : Global Clock Summary
6. Device Cell Placement Summary for Global Clock g0
7. Device Cell Placement Summary for Global Clock g1
8. Device Cell Placement Summary for Global Clock g2
9. Device Cell Placement Summary for Global Clock g3
10. Device Cell Placement Summary for Global Clock g4
11. Clock Region Cell Placement per Global Clock: Region X0Y1
12. Clock Region Cell Placement per Global Clock: Region X0Y2

1. Clock Primitive Utilization
------------------------------

+----------+------+-----------+-----+--------------+--------+
| Type     | Used | Available | LOC | Clock Region | Pblock |
+----------+------+-----------+-----+--------------+--------+
| BUFGCTRL |    4 |        32 |   0 |            0 |      0 |
| BUFH     |    0 |       120 |   0 |            0 |      0 |
| BUFIO    |    1 |        40 |   1 |            0 |      0 |
| BUFMR    |    0 |        20 |   0 |            0 |      0 |
| BUFR     |    1 |        40 |   0 |            0 |      0 |
| MMCM     |    1 |        10 |   0 |            0 |      0 |
| PLL      |    0 |        10 |   0 |            0 |      0 |
+----------+------+-----------+-----+--------------+--------+


2. Global Clock Resources
-------------------------

+-----------+-----------+-----------------+------------+---------------+--------------+-------------------+-------------+-----------------+--------------+---------------------+--------------------------------------------------------------------------------------------+--------------------------------------------------------------------------------------------+
| Global Id | Source Id | Driver Type/Pin | Constraint | Site          | Clock Region | Load Clock Region | Clock Loads | Non-Clock Loads | Clock Period | Clock               | Driver Pin                                                                                 | Net                                                                                        |
+-----------+-----------+-----------------+------------+---------------+--------------+-------------------+-------------+-----------------+--------------+---------------------+--------------------------------------------------------------------------------------------+--------------------------------------------------------------------------------------------+
| g0        | src0      | BUFG/O          | None       | BUFGCTRL_X0Y0 | n/a          |                 2 |        2331 |               0 |        8.000 | clk_mmcm_out        | clk_bufg_inst/O                                                                            | clk_int                                                                                    |
| g1        | src0      | BUFG/O          | None       | BUFGCTRL_X0Y3 | n/a          |                 2 |         913 |               0 |       40.000 | clk_50_i2c_mmcm_out | clk_50_bufg_inst/O                                                                         | clk_50_i2c                                                                                 |
| g2        | src1      | BUFR/O          | None       | BUFR_X0Y5     | X0Y1         |                 1 |         208 |               0 |        8.000 | phy_rx_clk          | core_inst/eth_mac_inst/eth_mac_1g_rgmii_inst/rgmii_phy_if_inst/rx_ssio_ddr_inst/clk_bufr/O | core_inst/eth_mac_inst/eth_mac_1g_rgmii_inst/rgmii_phy_if_inst/rx_ssio_ddr_inst/output_clk |
| g3        | src0      | BUFG/O          | None       | BUFGCTRL_X0Y1 | n/a          |                 1 |           1 |               0 |        8.000 | clk90_mmcm_out      | clk90_bufg_inst/O                                                                          | clk90_int                                                                                  |
| g4        | src0      | BUFG/O          | None       | BUFGCTRL_X0Y2 | n/a          |                 1 |           1 |               0 |        5.000 | clk_200_mmcm_out    | clk_200_bufg_inst/O                                                                        | clk_200_int                                                                                |
+-----------+-----------+-----------------+------------+---------------+--------------+-------------------+-------------+-----------------+--------------+---------------------+--------------------------------------------------------------------------------------------+--------------------------------------------------------------------------------------------+
* Clock Loads column represents the clock pin loads (pin count)
** Non-Clock Loads column represents the non-clock pin loads (pin count)


3. Global Clock Source Details
------------------------------

+-----------+-----------+--------------------+------------+-----------------+--------------+-------------+-----------------+---------------------+---------------------+------------------------+---------------------+
| Source Id | Global Id | Driver Type/Pin    | Constraint | Site            | Clock Region | Clock Loads | Non-Clock Loads | Source Clock Period | Source Clock        | Driver Pin             | Net                 |
+-----------+-----------+--------------------+------------+-----------------+--------------+-------------+-----------------+---------------------+---------------------+------------------------+---------------------+
| src0      | g3        | MMCME2_ADV/CLKOUT1 | None       | MMCME2_ADV_X1Y2 | X1Y2         |           1 |               0 |               8.000 | clk90_mmcm_out      | clk_mmcm_inst/CLKOUT1  | clk90_mmcm_out      |
| src0      | g4        | MMCME2_ADV/CLKOUT2 | None       | MMCME2_ADV_X1Y2 | X1Y2         |           1 |               0 |               5.000 | clk_200_mmcm_out    | clk_mmcm_inst/CLKOUT2  | clk_200_mmcm_out    |
| src0      | g1        | MMCME2_ADV/CLKOUT3 | None       | MMCME2_ADV_X1Y2 | X1Y2         |           1 |               0 |              40.000 | clk_50_i2c_mmcm_out | clk_mmcm_inst/CLKOUT3  | clk_50_i2c_mmcm_out |
| src0      | g0        | MMCME2_ADV/CLKOUT0 | None       | MMCME2_ADV_X1Y2 | X1Y2         |           1 |               0 |               8.000 | clk_mmcm_out        | clk_mmcm_inst/CLKOUT0  | clk_mmcm_out        |
| src1      | g2,       | IBUF/O             | IOB_X0Y74  | IOB_X0Y74       | X0Y1         |           2 |               0 |               8.000 | phy_rx_clk          | phy_rx_clk_IBUF_inst/O | phy_rx_clk_IBUF     |
+-----------+-----------+--------------------+------------+-----------------+--------------+-------------+-----------------+---------------------+---------------------+------------------------+---------------------+
* Clock Loads column represents the clock pin loads (pin count)
** Non-Clock Loads column represents the non-clock pin loads (pin count)


4. Clock Regions: Key Resource Utilization
------------------------------------------

+-------------------+--------------+--------------+--------------+--------------+--------------+--------------+--------------+--------------+--------------+--------------+--------------+--------------+--------------+--------------+--------------+
|                   | Global Clock |     BUFRs    |    BUFMRs    |    BUFIOs    |     MMCM     |      PLL     |      GT      |      PCI     |    ILOGIC    |    OLOGIC    |      FF      |     LUTM     |    RAMB18    |    RAMB36    |    DSP48E2   |
+-------------------+------+-------+------+-------+------+-------+------+-------+------+-------+------+-------+------+-------+------+-------+------+-------+------+-------+------+-------+------+-------+------+-------+------+-------+------+-------+
| Clock Region Name | Used | Avail | Used | Avail | Used | Avail | Used | Avail | Used | Avail | Used | Avail | Used | Avail | Used | Avail | Used | Avail | Used | Avail | Used | Avail | Used | Avail | Used | Avail | Used | Avail | Used | Avail |
+-------------------+------+-------+------+-------+------+-------+------+-------+------+-------+------+-------+------+-------+------+-------+------+-------+------+-------+------+-------+------+-------+------+-------+------+-------+------+-------+
| X0Y0              |    0 |    12 |    0 |     4 |    0 |     2 |    0 |     4 |    0 |     1 |    0 |     1 |    0 |     4 |    0 |     0 |    0 |    50 |    0 |    50 |    0 |  2700 |    0 |   800 |    0 |    60 |    0 |    30 |    0 |    60 |
| X1Y0              |    0 |    12 |    0 |     4 |    0 |     2 |    0 |     4 |    0 |     1 |    0 |     1 |    0 |     4 |    0 |     0 |    0 |    50 |    0 |    50 |    0 |  2500 |    0 |   800 |    0 |    40 |    0 |    20 |    0 |    40 |
| X0Y1              |    6 |    12 |    1 |     4 |    0 |     2 |    1 |     4 |    0 |     1 |    0 |     1 |    0 |     0 |    0 |     0 |    5 |    50 |    6 |    50 | 3319 |  4200 | 1055 |  1400 |    0 |   100 |    7 |    50 |    0 |   100 |
| X1Y1              |    0 |    12 |    0 |     4 |    0 |     2 |    0 |     4 |    0 |     1 |    0 |     1 |    0 |     0 |    0 |     0 |    0 |    50 |    0 |    50 |    0 |  4000 |    0 |  1400 |    0 |    80 |    0 |    40 |    0 |    80 |
| X0Y2              |    2 |    12 |    0 |     4 |    0 |     2 |    0 |     4 |    0 |     1 |    0 |     1 |    0 |     0 |    0 |     0 |    0 |    50 |    0 |    50 |   85 |  3600 |   46 |  1400 |    0 |   100 |    0 |    50 |    0 |   100 |
| X1Y2              |    0 |    12 |    0 |     4 |    0 |     2 |    0 |     4 |    0 |     1 |    0 |     1 |    0 |     0 |    0 |     0 |    0 |    50 |    0 |    50 |    0 |  4000 |    0 |  1400 |    0 |    80 |    0 |    40 |    0 |    80 |
| X0Y3              |    0 |    12 |    0 |     4 |    0 |     2 |    0 |     4 |    0 |     1 |    0 |     1 |    0 |     0 |    0 |     0 |    0 |    50 |    0 |    50 |    0 |  3600 |    0 |  1400 |    0 |   100 |    0 |    50 |    0 |   100 |
| X1Y3              |    0 |    12 |    0 |     4 |    0 |     2 |    0 |     4 |    0 |     1 |    0 |     1 |    0 |     0 |    0 |     0 |    0 |    50 |    0 |    50 |    0 |  4000 |    0 |  1400 |    0 |    80 |    0 |    40 |    0 |    80 |
| X0Y4              |    0 |    12 |    0 |     4 |    0 |     2 |    0 |     4 |    0 |     1 |    0 |     1 |    0 |     4 |    0 |     1 |    0 |    50 |    0 |    50 |    0 |  2550 |    0 |   750 |    0 |    50 |    0 |    25 |    0 |    60 |
| X1Y4              |    0 |    12 |    0 |     4 |    0 |     2 |    0 |     4 |    0 |     1 |    0 |     1 |    0 |     4 |    0 |     0 |    0 |    50 |    0 |    50 |    0 |  2500 |    0 |   800 |    0 |    40 |    0 |    20 |    0 |    40 |
+-------------------+------+-------+------+-------+------+-------+------+-------+------+-------+------+-------+------+-------+------+-------+------+-------+------+-------+------+-------+------+-------+------+-------+------+-------+------+-------+
* Global Clock column represents track count; while other columns represents cell counts


5. Clock Regions : Global Clock Summary
---------------------------------------

All Modules
+----+----+----+
|    | X0 | X1 |
+----+----+----+
| Y4 |  0 |  0 |
| Y3 |  0 |  0 |
| Y2 |  2 |  0 |
| Y1 |  6 |  0 |
| Y0 |  0 |  0 |
+----+----+----+


6. Device Cell Placement Summary for Global Clock g0
----------------------------------------------------

+-----------+-----------------+-------------------+--------------+-------------+---------------+-------------+----------+----------------+----------+---------+
| Global Id | Driver Type/Pin | Driver Region (D) | Clock        | Period (ns) | Waveform (ns) | Slice Loads | IO Loads | Clocking Loads | GT Loads | Net     |
+-----------+-----------------+-------------------+--------------+-------------+---------------+-------------+----------+----------------+----------+---------+
| g0        | BUFG/O          | n/a               | clk_mmcm_out |       8.000 | {0.000 4.000} |        2302 |        0 |              0 |        0 | clk_int |
+-----------+-----------------+-------------------+--------------+-------------+---------------+-------------+----------+----------------+----------+---------+
* Slice Loads column represents load cell count of all cell types other than IO, GT and clock resources
** IO Loads column represents load cell count of IO types
*** Clocking Loads column represents load cell count that are clock resources (global clock buffer, MMCM, PLL, etc)
**** GT Loads column represents load cell count of GT types


+----+-------+----+
|    | X0    | X1 |
+----+-------+----+
| Y4 |     0 |  0 |
| Y3 |     0 |  0 |
| Y2 |     6 |  0 |
| Y1 |  2296 |  0 |
| Y0 |     0 |  0 |
+----+-------+----+


7. Device Cell Placement Summary for Global Clock g1
----------------------------------------------------

+-----------+-----------------+-------------------+---------------------+-------------+----------------+-------------+----------+----------------+----------+------------+
| Global Id | Driver Type/Pin | Driver Region (D) | Clock               | Period (ns) | Waveform (ns)  | Slice Loads | IO Loads | Clocking Loads | GT Loads | Net        |
+-----------+-----------------+-------------------+---------------------+-------------+----------------+-------------+----------+----------------+----------+------------+
| g1        | BUFG/O          | n/a               | clk_50_i2c_mmcm_out |      40.000 | {0.000 20.000} |         913 |        0 |              0 |        0 | clk_50_i2c |
+-----------+-----------------+-------------------+---------------------+-------------+----------------+-------------+----------+----------------+----------+------------+
* Slice Loads column represents load cell count of all cell types other than IO, GT and clock resources
** IO Loads column represents load cell count of IO types
*** Clocking Loads column represents load cell count that are clock resources (global clock buffer, MMCM, PLL, etc)
**** GT Loads column represents load cell count of GT types


+----+------+----+
|    | X0   | X1 |
+----+------+----+
| Y4 |    0 |  0 |
| Y3 |    0 |  0 |
| Y2 |   79 |  0 |
| Y1 |  834 |  0 |
| Y0 |    0 |  0 |
+----+------+----+


8. Device Cell Placement Summary for Global Clock g2
----------------------------------------------------

+-----------+-----------------+-------------------+------------+-------------+---------------+-------------+----------+----------------+----------+--------------------------------------------------------------------------------------------+
| Global Id | Driver Type/Pin | Driver Region (D) | Clock      | Period (ns) | Waveform (ns) | Slice Loads | IO Loads | Clocking Loads | GT Loads | Net                                                                                        |
+-----------+-----------------+-------------------+------------+-------------+---------------+-------------+----------+----------------+----------+--------------------------------------------------------------------------------------------+
| g2        | BUFR/O          | X0Y1              | phy_rx_clk |       8.000 | {0.000 4.000} |         208 |        0 |              0 |        0 | core_inst/eth_mac_inst/eth_mac_1g_rgmii_inst/rgmii_phy_if_inst/rx_ssio_ddr_inst/output_clk |
+-----------+-----------------+-------------------+------------+-------------+---------------+-------------+----------+----------------+----------+--------------------------------------------------------------------------------------------+
* Slice Loads column represents load cell count of all cell types other than IO, GT and clock resources
** IO Loads column represents load cell count of IO types
*** Clocking Loads column represents load cell count that are clock resources (global clock buffer, MMCM, PLL, etc)
**** GT Loads column represents load cell count of GT types


+----+----------+----+
|    | X0       | X1 |
+----+----------+----+
| Y4 |        0 |  0 |
| Y3 |        0 |  0 |
| Y2 |        0 |  0 |
| Y1 |  (D) 208 |  0 |
| Y0 |        0 |  0 |
+----+----------+----+


9. Device Cell Placement Summary for Global Clock g3
----------------------------------------------------

+-----------+-----------------+-------------------+----------------+-------------+---------------+-------------+----------+----------------+----------+-----------+
| Global Id | Driver Type/Pin | Driver Region (D) | Clock          | Period (ns) | Waveform (ns) | Slice Loads | IO Loads | Clocking Loads | GT Loads | Net       |
+-----------+-----------------+-------------------+----------------+-------------+---------------+-------------+----------+----------------+----------+-----------+
| g3        | BUFG/O          | n/a               | clk90_mmcm_out |       8.000 | {2.000 6.000} |           1 |        0 |              0 |        0 | clk90_int |
+-----------+-----------------+-------------------+----------------+-------------+---------------+-------------+----------+----------------+----------+-----------+
* Slice Loads column represents load cell count of all cell types other than IO, GT and clock resources
** IO Loads column represents load cell count of IO types
*** Clocking Loads column represents load cell count that are clock resources (global clock buffer, MMCM, PLL, etc)
**** GT Loads column represents load cell count of GT types


+----+----+----+
|    | X0 | X1 |
+----+----+----+
| Y4 |  0 |  0 |
| Y3 |  0 |  0 |
| Y2 |  0 |  0 |
| Y1 |  1 |  0 |
| Y0 |  0 |  0 |
+----+----+----+


10. Device Cell Placement Summary for Global Clock g4
-----------------------------------------------------

+-----------+-----------------+-------------------+------------------+-------------+---------------+-------------+----------+----------------+----------+-------------+
| Global Id | Driver Type/Pin | Driver Region (D) | Clock            | Period (ns) | Waveform (ns) | Slice Loads | IO Loads | Clocking Loads | GT Loads | Net         |
+-----------+-----------------+-------------------+------------------+-------------+---------------+-------------+----------+----------------+----------+-------------+
| g4        | BUFG/O          | n/a               | clk_200_mmcm_out |       5.000 | {0.000 2.500} |           1 |        0 |              0 |        0 | clk_200_int |
+-----------+-----------------+-------------------+------------------+-------------+---------------+-------------+----------+----------------+----------+-------------+
* Slice Loads column represents load cell count of all cell types other than IO, GT and clock resources
** IO Loads column represents load cell count of IO types
*** Clocking Loads column represents load cell count that are clock resources (global clock buffer, MMCM, PLL, etc)
**** GT Loads column represents load cell count of GT types


+----+----+----+
|    | X0 | X1 |
+----+----+----+
| Y4 |  0 |  0 |
| Y3 |  0 |  0 |
| Y2 |  0 |  0 |
| Y1 |  1 |  0 |
| Y0 |  0 |  0 |
+----+----+----+


11. Clock Region Cell Placement per Global Clock: Region X0Y1
-------------------------------------------------------------

+-----------+-------+-----------------+------------+-------------+-----------------+------+--------+------+-----+----+------+-----+---------+--------------------------------------------------------------------------------------------+
| Global Id | Track | Driver Type/Pin | Constraint | Clock Loads | Non-Clock Loads | FF   | LUTRAM | RAMB | DSP | GT | MMCM | PLL | Hard IP | Net                                                                                        |
+-----------+-------+-----------------+------------+-------------+-----------------+------+--------+------+-----+----+------+-----+---------+--------------------------------------------------------------------------------------------+
| g0        | n/a   | BUFG/O          | None       |        2296 |               0 | 2280 |      0 |    7 |   0 |  0 |    0 |   0 |       0 | clk_int                                                                                    |
| g1        | n/a   | BUFG/O          | None       |         834 |               0 |  833 |      0 |    1 |   0 |  0 |    0 |   0 |       0 | clk_50_i2c                                                                                 |
| g2        | n/a   | BUFR/O          | None       |         208 |               0 |  206 |      0 |    1 |   0 |  0 |    0 |   0 |       0 | core_inst/eth_mac_inst/eth_mac_1g_rgmii_inst/rgmii_phy_if_inst/rx_ssio_ddr_inst/output_clk |
| g3        | n/a   | BUFG/O          | None       |           1 |               0 |    0 |      0 |    0 |   0 |  0 |    0 |   0 |       0 | clk90_int                                                                                  |
| g4        | n/a   | BUFG/O          | None       |           1 |               0 |    0 |      0 |    0 |   0 |  0 |    0 |   0 |       0 | clk_200_int                                                                                |
+-----------+-------+-----------------+------------+-------------+-----------------+------+--------+------+-----+----+------+-----+---------+--------------------------------------------------------------------------------------------+
* Clock Loads column represents the clock pin loads (pin count)
** Non-Clock Loads column represents the non-clock pin loads (pin count)
*** Columns FF, LUTRAM, RAMB through 'Hard IP' represents load cell counts


12. Clock Region Cell Placement per Global Clock: Region X0Y2
-------------------------------------------------------------

+-----------+-------+-----------------+------------+-------------+-----------------+----+--------+------+-----+----+------+-----+---------+------------+
| Global Id | Track | Driver Type/Pin | Constraint | Clock Loads | Non-Clock Loads | FF | LUTRAM | RAMB | DSP | GT | MMCM | PLL | Hard IP | Net        |
+-----------+-------+-----------------+------------+-------------+-----------------+----+--------+------+-----+----+------+-----+---------+------------+
| g0        | n/a   | BUFG/O          | None       |           6 |               0 |  6 |      0 |    0 |   0 |  0 |    0 |   0 |       0 | clk_int    |
| g1        | n/a   | BUFG/O          | None       |          79 |               0 | 79 |      0 |    0 |   0 |  0 |    0 |   0 |       0 | clk_50_i2c |
+-----------+-------+-----------------+------------+-------------+-----------------+----+--------+------+-----+----+------+-----+---------+------------+
* Clock Loads column represents the clock pin loads (pin count)
** Non-Clock Loads column represents the non-clock pin loads (pin count)
*** Columns FF, LUTRAM, RAMB through 'Hard IP' represents load cell counts



# Location of BUFG Primitives 
set_property LOC BUFGCTRL_X0Y0 [get_cells clk_bufg_inst]
set_property LOC BUFGCTRL_X0Y3 [get_cells clk_50_bufg_inst]
set_property LOC BUFGCTRL_X0Y2 [get_cells clk_200_bufg_inst]
set_property LOC BUFGCTRL_X0Y1 [get_cells clk90_bufg_inst]

# Location of BUFIO Primitives 
set_property LOC BUFIO_X0Y5 [get_cells core_inst/eth_mac_inst/eth_mac_1g_rgmii_inst/rgmii_phy_if_inst/rx_ssio_ddr_inst/clk_bufio]

# Location of BUFR Primitives 
set_property LOC BUFR_X0Y5 [get_cells core_inst/eth_mac_inst/eth_mac_1g_rgmii_inst/rgmii_phy_if_inst/rx_ssio_ddr_inst/clk_bufr]

# Location of IO Primitives which is load of clock spine

# Location of clock ports
set_property LOC IOB_X1Y124 [get_ports clk]
set_property LOC IOB_X0Y74 [get_ports phy_rx_clk]

# Clock net "core_inst/eth_mac_inst/eth_mac_1g_rgmii_inst/rgmii_phy_if_inst/rx_ssio_ddr_inst/output_clk" driven by instance "core_inst/eth_mac_inst/eth_mac_1g_rgmii_inst/rgmii_phy_if_inst/rx_ssio_ddr_inst/clk_bufr" located at site "BUFR_X0Y5"
#startgroup
create_pblock {CLKAG_core_inst/eth_mac_inst/eth_mac_1g_rgmii_inst/rgmii_phy_if_inst/rx_ssio_ddr_inst/output_clk}
add_cells_to_pblock [get_pblocks  {CLKAG_core_inst/eth_mac_inst/eth_mac_1g_rgmii_inst/rgmii_phy_if_inst/rx_ssio_ddr_inst/output_clk}] [get_cells -filter { PRIMITIVE_GROUP != I/O && IS_PRIMITIVE==1 && PRIMITIVE_LEVEL !=INTERNAL } -of_object [get_pins -filter {DIRECTION==IN} -of_objects [get_nets -hierarchical -filter {PARENT=="core_inst/eth_mac_inst/eth_mac_1g_rgmii_inst/rgmii_phy_if_inst/rx_ssio_ddr_inst/output_clk"}]]]
resize_pblock [get_pblocks {CLKAG_core_inst/eth_mac_inst/eth_mac_1g_rgmii_inst/rgmii_phy_if_inst/rx_ssio_ddr_inst/output_clk}] -add {CLOCKREGION_X0Y1:CLOCKREGION_X0Y1}
#endgroup

# Clock net "clk_int" driven by instance "clk_bufg_inst" located at site "BUFGCTRL_X0Y0"
#startgroup
create_pblock {CLKAG_clk_int}
add_cells_to_pblock [get_pblocks  {CLKAG_clk_int}] [get_cells -filter { PRIMITIVE_GROUP != I/O && IS_PRIMITIVE==1 && PRIMITIVE_LEVEL !=INTERNAL } -of_object [get_pins -filter {DIRECTION==IN} -of_objects [get_nets -hierarchical -filter {PARENT=="clk_int"}]]]
resize_pblock [get_pblocks {CLKAG_clk_int}] -add {CLOCKREGION_X0Y1:CLOCKREGION_X0Y1 CLOCKREGION_X0Y2:CLOCKREGION_X0Y2}
#endgroup

# Clock net "clk_50_i2c" driven by instance "clk_50_bufg_inst" located at site "BUFGCTRL_X0Y3"
#startgroup
create_pblock {CLKAG_clk_50_i2c}
add_cells_to_pblock [get_pblocks  {CLKAG_clk_50_i2c}] [get_cells -filter { PRIMITIVE_GROUP != I/O && IS_PRIMITIVE==1 && PRIMITIVE_LEVEL !=INTERNAL } -of_object [get_pins -filter {DIRECTION==IN} -of_objects [get_nets -hierarchical -filter {PARENT=="clk_50_i2c"}]]]
resize_pblock [get_pblocks {CLKAG_clk_50_i2c}] -add {CLOCKREGION_X0Y1:CLOCKREGION_X0Y1 CLOCKREGION_X0Y2:CLOCKREGION_X0Y2}
#endgroup

# Clock net "clk_200_int" driven by instance "clk_200_bufg_inst" located at site "BUFGCTRL_X0Y2"
#startgroup
create_pblock {CLKAG_clk_200_int}
add_cells_to_pblock [get_pblocks  {CLKAG_clk_200_int}] [get_cells -filter { PRIMITIVE_GROUP != I/O && IS_PRIMITIVE==1 && PRIMITIVE_LEVEL !=INTERNAL } -of_object [get_pins -filter {DIRECTION==IN} -of_objects [get_nets -hierarchical -filter {PARENT=="clk_200_int"}]]]
resize_pblock [get_pblocks {CLKAG_clk_200_int}] -add {CLOCKREGION_X0Y1:CLOCKREGION_X0Y1}
#endgroup

# Clock net "clk90_int" driven by instance "clk90_bufg_inst" located at site "BUFGCTRL_X0Y1"
#startgroup
create_pblock {CLKAG_clk90_int}
add_cells_to_pblock [get_pblocks  {CLKAG_clk90_int}] [get_cells -filter { PRIMITIVE_GROUP != I/O && IS_PRIMITIVE==1 && PRIMITIVE_LEVEL !=INTERNAL } -of_object [get_pins -filter {DIRECTION==IN} -of_objects [get_nets -hierarchical -filter {PARENT=="clk90_int"}]]]
resize_pblock [get_pblocks {CLKAG_clk90_int}] -add {CLOCKREGION_X0Y1:CLOCKREGION_X0Y1}
#endgroup
